ERROR - 2022-06-05 04:32:10 --> Error connecting to the database: No such file or directory
CRITICAL - 2022-06-05 04:32:10 --> Unable to connect to the database.
Main connection [MySQLi]: No such file or directory
#0 /Applications/MAMP/htdocs/elite-automation/rms/system/Database/BaseConnection.php(577): CodeIgniter\Database\BaseConnection->initialize()
#1 /Applications/MAMP/htdocs/elite-automation/rms/system/Database/BaseBuilder.php(1588): CodeIgniter\Database\BaseConnection->query('SELECT *\nFROM `...', Array, false)
#2 /Applications/MAMP/htdocs/elite-automation/rms/system/Model.php(728): CodeIgniter\Database\BaseBuilder->getWhere(Array)
#3 /Applications/MAMP/htdocs/elite-automation/rms/app/Controllers/Auth.php(38): CodeIgniter\Model->__call('getWhere', Array)
#4 /Applications/MAMP/htdocs/elite-automation/rms/system/CodeIgniter.php(832): App\Controllers\Auth->loginProses()
#5 /Applications/MAMP/htdocs/elite-automation/rms/system/CodeIgniter.php(419): CodeIgniter\CodeIgniter->runController(Object(App\Controllers\Auth))
#6 /Applications/MAMP/htdocs/elite-automation/rms/system/CodeIgniter.php(326): CodeIgniter\CodeIgniter->handleRequest(NULL, Object(Config\Cache), false)
#7 /Applications/MAMP/htdocs/elite-automation/rms/public/index.php(37): CodeIgniter\CodeIgniter->run()
#8 /Applications/MAMP/htdocs/elite-automation/rms/system/Commands/Server/rewrite.php(43): require_once('/Applications/M...')
#9 {main}
ERROR - 2022-06-05 04:32:27 --> Error connecting to the database: No such file or directory
CRITICAL - 2022-06-05 04:32:27 --> Unable to connect to the database.
Main connection [MySQLi]: No such file or directory
#0 /Applications/MAMP/htdocs/elite-automation/rms/system/Database/BaseConnection.php(577): CodeIgniter\Database\BaseConnection->initialize()
#1 /Applications/MAMP/htdocs/elite-automation/rms/system/Database/BaseBuilder.php(1588): CodeIgniter\Database\BaseConnection->query('SELECT *\nFROM `...', Array, false)
#2 /Applications/MAMP/htdocs/elite-automation/rms/system/Model.php(728): CodeIgniter\Database\BaseBuilder->getWhere(Array)
#3 /Applications/MAMP/htdocs/elite-automation/rms/app/Controllers/Auth.php(38): CodeIgniter\Model->__call('getWhere', Array)
#4 /Applications/MAMP/htdocs/elite-automation/rms/system/CodeIgniter.php(832): App\Controllers\Auth->loginProses()
#5 /Applications/MAMP/htdocs/elite-automation/rms/system/CodeIgniter.php(419): CodeIgniter\CodeIgniter->runController(Object(App\Controllers\Auth))
#6 /Applications/MAMP/htdocs/elite-automation/rms/system/CodeIgniter.php(326): CodeIgniter\CodeIgniter->handleRequest(NULL, Object(Config\Cache), false)
#7 /Applications/MAMP/htdocs/elite-automation/rms/public/index.php(37): CodeIgniter\CodeIgniter->run()
#8 /Applications/MAMP/htdocs/elite-automation/rms/system/Commands/Server/rewrite.php(43): require_once('/Applications/M...')
#9 {main}
